<?xml version="1.0" encoding="UTF-8"?>
<testng-results ignored="0" total="2" passed="2" failed="0" skipped="0">
  <reporter-output>
  </reporter-output>
  <suite started-at="2023-04-26T11:29:33 SAST" name="Default suite" finished-at="2023-04-26T11:29:41 SAST" duration-ms="8251">
    <groups>
    </groups>
    <test started-at="2023-04-26T11:29:33 SAST" name="Default test" finished-at="2023-04-26T11:29:41 SAST" duration-ms="8251">
      <class name="Restassured.HTTPSrequests">
        <test-method signature="createUser()[pri:1, instance:Restassured.HTTPSrequests@59d016c9]" started-at="2023-04-26T11:29:33 SAST" name="createUser" finished-at="2023-04-26T11:29:40 SAST" duration-ms="7345" status="PASS">
          <reporter-output>
          </reporter-output>
        </test-method> <!-- createUser -->
        <test-method signature="updateUser()[pri:2, instance:Restassured.HTTPSrequests@59d016c9]" started-at="2023-04-26T11:29:40 SAST" name="updateUser" finished-at="2023-04-26T11:29:41 SAST" depends-on-methods="Restassured.HTTPSrequests.createUser" duration-ms="720" status="PASS">
          <reporter-output>
          </reporter-output>
        </test-method> <!-- updateUser -->
      </class> <!-- Restassured.HTTPSrequests -->
    </test> <!-- Default test -->
  </suite> <!-- Default suite -->
</testng-results>
