<?xml version="1.0" encoding="UTF-8"?>
<testng-results ignored="0" total="1" passed="1" failed="0" skipped="0">
  <reporter-output>
  </reporter-output>
  <suite started-at="2023-04-28T07:31:35 SAST" name="Default suite" finished-at="2023-04-28T07:31:40 SAST" duration-ms="5571">
    <groups>
    </groups>
    <test started-at="2023-04-28T07:31:35 SAST" name="Default test" finished-at="2023-04-28T07:31:40 SAST" duration-ms="5571">
      <class name="Restassured.MyApi">
        <test-method signature="delet()[pri:0, instance:Restassured.MyApi@794cb805]" started-at="2023-04-28T07:31:35 SAST" name="delet" finished-at="2023-04-28T07:31:40 SAST" duration-ms="5424" status="PASS">
          <reporter-output>
          </reporter-output>
        </test-method> <!-- delet -->
      </class> <!-- Restassured.MyApi -->
    </test> <!-- Default test -->
  </suite> <!-- Default suite -->
</testng-results>
