<?xml version="1.0" encoding="UTF-8"?>
<testng-results ignored="0" total="1" passed="1" failed="0" skipped="0">
  <reporter-output>
  </reporter-output>
  <suite started-at="2022-07-13T13:04:06 SAST" name="Default suite" finished-at="2022-07-13T13:04:41 SAST" duration-ms="34845">
    <groups>
    </groups>
    <test started-at="2022-07-13T13:04:06 SAST" name="Default test" finished-at="2022-07-13T13:04:41 SAST" duration-ms="34845">
      <class name="Entrance.Main">
        <test-method is-config="true" signature="launch()[pri:0, instance:Entrance.Main@8f4ea7c]" started-at="2022-07-13T13:04:06 SAST" name="launch" finished-at="2022-07-13T13:04:32 SAST" duration-ms="26033" status="PASS">
          <reporter-output>
          </reporter-output>
        </test-method> <!-- launch -->
        <test-method signature="start()[pri:0, instance:Entrance.Main@8f4ea7c]" started-at="2022-07-13T13:04:32 SAST" name="start" finished-at="2022-07-13T13:04:41 SAST" duration-ms="8637" status="PASS">
          <reporter-output>
          </reporter-output>
        </test-method> <!-- start -->
      </class> <!-- Entrance.Main -->
    </test> <!-- Default test -->
  </suite> <!-- Default suite -->
</testng-results>
